```bash
root@k1:~# ruyi install toolchain/gnu-upstream
warn: this ruyi installation has telemetry mode set to on, and will upload non-tracking usage information to RuyiSDK-managed servers every Thursday
info: usage information has already been uploaded today at 2025-03-14 03:09:27 +0800
info: in order to hide this banner:
info: - opt out with ruyi telemetry optout
info: - or give consent with ruyi telemetry consent
info: downloading https://mirror.iscas.ac.cn/ruyisdk/dist/RuyiSDK-20231212-Upstream-Sources-HOST-riscv64-linux-gnu-riscv64-unknown-linux-gnu.tar.xz to /root/.cache/ruyi/distfiles/RuyiSDK-20231212-Upstream-Sources-HOST-riscv64-linux-gnu-riscv64-unknown-linux-gnu.tar.xz
  % Total    % Received % Xferd  Average Speed   Time    Time     Time  Current
                                 Dload  Upload   Total   Spent    Left  Speed
100  224M  100  224M    0     0  35.1M      0  0:00:06  0:00:06 --:--:-- 46.0M
info: extracting RuyiSDK-20231212-Upstream-Sources-HOST-riscv64-linux-gnu-riscv64-unknown-linux-gnu.tar.xz for package gnu-upstream-0.20231212.0
info: package gnu-upstream-0.20231212.0 installed to /root/.local/share/ruyi/binaries/riscv64/gnu-upstream-0.20231212.0
```

```bash
root@k1:~# ruyi venv -t toolchain/gnu-upstream generic venv-gnu-upstream
warn: this ruyi installation has telemetry mode set to on, and will upload non-tracking usage information to RuyiSDK-managed servers every Thursday
info: usage information has already been uploaded today at 2025-03-14 03:09:27 +0800
info: in order to hide this banner:
info: - opt out with ruyi telemetry optout
info: - or give consent with ruyi telemetry consent
info: Creating a Ruyi virtual environment at venv-gnu-upstream...
info: The virtual environment is now created.

You may activate it by sourcing the appropriate activation script in the
bin directory, and deactivate by invoking `ruyi-deactivate`.

A fresh sysroot/prefix is also provisioned in the virtual environment.
It is available at the following path:

    /root/venv-gnu-upstream/sysroot

The virtual environment also comes with ready-made CMake toolchain file
and Meson cross file. Check the virtual environment root for those;
comments in the files contain usage instructions.
```

```bash
root@k1:~# ls ~/venv-gnu-upstream/
bin                                        ruyi-cache.v2.toml  sysroot.riscv64-unknown-linux-gnu
meson-cross.ini                            ruyi-venv.toml      toolchain.cmake
meson-cross.riscv64-unknown-linux-gnu.ini  sysroot             toolchain.riscv64-unknown-linux-gnu.cmake
root@k1:~# ls ~/venv-gnu-upstream/bin/
riscv64-unknown-linux-gnu-addr2line  riscv64-unknown-linux-gnu-gcc-nm         riscv64-unknown-linux-gnu-ldd
riscv64-unknown-linux-gnu-ar         riscv64-unknown-linux-gnu-gcc-ranlib     riscv64-unknown-linux-gnu-lto-dump
riscv64-unknown-linux-gnu-as         riscv64-unknown-linux-gnu-gcov           riscv64-unknown-linux-gnu-nm
riscv64-unknown-linux-gnu-c++        riscv64-unknown-linux-gnu-gcov-dump      riscv64-unknown-linux-gnu-objcopy
riscv64-unknown-linux-gnu-cc         riscv64-unknown-linux-gnu-gcov-tool      riscv64-unknown-linux-gnu-objdump
riscv64-unknown-linux-gnu-c++filt    riscv64-unknown-linux-gnu-gdb            riscv64-unknown-linux-gnu-ranlib
riscv64-unknown-linux-gnu-cpp        riscv64-unknown-linux-gnu-gdb-add-index  riscv64-unknown-linux-gnu-readelf
riscv64-unknown-linux-gnu-elfedit    riscv64-unknown-linux-gnu-gfortran       riscv64-unknown-linux-gnu-size
riscv64-unknown-linux-gnu-g++        riscv64-unknown-linux-gnu-gprof          riscv64-unknown-linux-gnu-strings
riscv64-unknown-linux-gnu-gcc        riscv64-unknown-linux-gnu-ld             riscv64-unknown-linux-gnu-strip
riscv64-unknown-linux-gnu-gcc-ar     riscv64-unknown-linux-gnu-ld.bfd         ruyi-activate
```

```bash
root@k1:~# . ~/venv-gnu-upstream/bin/ruyi-activate 
«Ruyi venv-gnu-upstream» root@k1:~# riscv64-unknown-linux-gnu-gcc -v
Using built-in specs.
COLLECT_GCC=/root/.local/share/ruyi/binaries/riscv64/gnu-upstream-0.20231212.0/bin/riscv64-unknown-linux-gnu-gcc
COLLECT_LTO_WRAPPER=/root/.local/share/ruyi/binaries/riscv64/gnu-upstream-0.20231212.0/bin/../libexec/gcc/riscv64-unknown-linux-gnu/13.2.0/lto-wrapper
Target: riscv64-unknown-linux-gnu
Configured with: /work/HOST-riscv64-linux-gnu/riscv64-unknown-linux-gnu/src/gcc/configure --build=x86_64-build_pc-linux-gnu --host=riscv64-host_unknown-linux-gnu --target=riscv64-unknown-linux-gnu --prefix=/opt/ruyi/HOST-riscv64-linux-gnu/riscv64-unknown-linux-gnu --exec_prefix=/opt/ruyi/HOST-riscv64-linux-gnu/riscv64-unknown-linux-gnu --with-sysroot=/opt/ruyi/HOST-riscv64-linux-gnu/riscv64-unknown-linux-gnu/riscv64-unknown-linux-gnu/sysroot --enable-languages=c,c++,fortran,objc,obj-c++ --with-arch=rv64gc --with-abi=lp64d --with-pkgversion='RuyiSDK 20231212 Upstream-Sources' --with-bugurl=https://github.com/ruyisdk/ruyisdk/issues --enable-__cxa_atexit --disable-libmudflap --disable-libgomp --enable-libquadmath --enable-libquadmath-support --disable-libmpx --with-gmp=/work/HOST-riscv64-linux-gnu/riscv64-unknown-linux-gnu/buildtools/complibs-host --with-mpfr=/work/HOST-riscv64-linux-gnu/riscv64-unknown-linux-gnu/buildtools/complibs-host --with-mpc=/work/HOST-riscv64-linux-gnu/riscv64-unknown-linux-gnu/buildtools/complibs-host --with-isl=/work/HOST-riscv64-linux-gnu/riscv64-unknown-linux-gnu/buildtools/complibs-host --enable-lto --enable-threads=posix --enable-target-optspace --enable-linker-build-id --with-linker-hash-style=gnu --enable-plugin --disable-nls --enable-multiarch --with-local-prefix=/opt/ruyi/HOST-riscv64-linux-gnu/riscv64-unknown-linux-gnu/riscv64-unknown-linux-gnu/sysroot --enable-long-long
Thread model: posix
Supported LTO compression algorithms: zlib zstd
gcc version 13.2.0 (RuyiSDK 20231212 Upstream-Sources) 
«Ruyi venv-gnu-upstream» root@k1:~# 
```

```bash
«Ruyi venv-gnu-upstream» root@k1:~# nano hello.c
«Ruyi venv-gnu-upstream» root@k1:~# riscv64-unknown-linux-gnu-gcc hello.c -o hello_upstream
«Ruyi venv-gnu-upstream» root@k1:~# ./hello_upstream 
Hello, world!«Ruyi venv-gnu-upstream» root@k1:~# 
```

```bash
«Ruyi venv-gnu-upstream» root@k1:~/coremark# ruyi extract coremark
warn: this ruyi installation has telemetry mode set to on, and will upload non-tracking usage information to RuyiSDK-managed servers every Thursday
info: usage information has already been uploaded today at 2025-03-14 03:09:27 +0800
info: in order to hide this banner:
info: - opt out with ruyi telemetry optout
info: - or give consent with ruyi telemetry consent
info: downloading https://mirror.iscas.ac.cn/ruyisdk/dist/coremark-1.01.tar.gz to /root/.cache/ruyi/distfiles/coremark-1.01.tar.gz
  % Total    % Received % Xferd  Average Speed   Time    Time     Time  Current
                                 Dload  Upload   Total   Spent    Left  Speed
100  391k  100  391k    0     0   337k      0  0:00:01  0:00:01 --:--:--  337k
info: extracting coremark-1.01.tar.gz for package coremark-1.0.1
info: package coremark-1.0.1 extracted to current working directory
«Ruyi venv-gnu-upstream» root@k1:~/coremark# sed -i 's/\bgcc\b/riscv64-unknown-linux-gnu-gcc/g' linux64/core_portme.mak
«Ruyi venv-gnu-upstream» root@k1:~/coremark# make PORT_DIR=linux64 link
riscv64-unknown-linux-gnu-gcc -O2 -Ilinux64 -I. -DFLAGS_STR=\""-O2   -lrt"\" -DITERATIONS=0  core_list_join.c core_main.c core_matrix.c core_state.c core_util.c linux64/core_portme.c -o ./coremark.exe -lrt
Link performed along with compile
«Ruyi venv-gnu-upstream» root@k1:~/coremark# ls -al
总计 168
drwxr-xr-x 10 root root  4096  3月14日 03:45 .
drwx------ 10 root root  4096  3月14日 03:41 ..
drwxrwxr-x  2 root root  4096 2018年 5月23日 barebones
-rw-rw-r--  1 root root 14651 2018年 5月23日 core_list_join.c
-rw-rw-r--  1 root root 12503 2018年 5月23日 core_main.c
-rwxr-xr-x  1 root root 27680  3月14日 03:45 coremark.exe
-rw-rw-r--  1 root root  4373 2018年 5月23日 coremark.h
-rw-rw-r--  1 root root  8097 2018年 5月23日 core_matrix.c
-rw-rw-r--  1 root root  7186 2018年 5月23日 core_state.c
-rw-rw-r--  1 root root  5171 2018年 5月23日 core_util.c
drwxrwxr-x  2 root root  4096 2018年 5月23日 cygwin
drwxrwxr-x  3 root root  4096 2018年 5月23日 docs
drwxr-xr-x  8 root root  4096  3月14日 03:41 .git
drwxr-xr-x  3 root root  4096  3月14日 03:41 .github
-rw-rw-r--  1 root root  9416 2018年 5月23日 LICENSE.md
drwxrwxr-x  2 root root  4096 2018年 5月23日 linux
drwxrwxr-x  2 root root  4096  3月14日 03:44 linux64
-rw-rw-r--  1 root root  3678 2018年 5月23日 Makefile
-rw-rw-r--  1 root root 18799 2018年 5月23日 README.md
drwxrwxr-x  2 root root  4096 2018年 5月23日 simple
«Ruyi venv-gnu-upstream» root@k1:~/coremark# file coremark.exe 
coremark.exe: ELF 64-bit LSB executable, UCB RISC-V, RVC, double-float ABI, version 1 (SYSV), dynamically linked, interpreter /lib/ld-linux-riscv64-lp64d.so.1, BuildID[sha1]=42284b8365034fa7c6428be87b1cd8ac4ea64697, for GNU/Linux 4.15.0, with debug_info, not stripped
```

```bash
«Ruyi venv-gnu-upstream» root@k1:~/coremark# ./coremark.exe 
2K performance run parameters for coremark.
CoreMark Size    : 666
Total ticks      : 19325
Total time (secs): 19.325000
Iterations/Sec   : 5692.108668
Iterations       : 110000
Compiler version : GCC13.2.0
Compiler flags   : -O2   -lrt
Memory location  : Please put data memory location here
                        (e.g. code in flash, data on heap etc)
seedcrc          : 0xe9f5
[0]crclist       : 0xe714
[0]crcmatrix     : 0x1fd7
[0]crcstate      : 0x8e3a
[0]crcfinal      : 0x33ff
Correct operation validated. See readme.txt for run and reporting rules.
CoreMark 1.0 : 5692.108668 / GCC13.2.0 -O2   -lrt / Heap
```
